----- Log started at 2025-03-10 12:13:08 ------
Token Integration Hub Version: 2.3.0.0
-------------------------------------------------
[2025-03-10 12:13:08] [I] ConnectionWrapper: createCommunication called
[2025-03-10 12:13:08] [I] ConnectionWrapper: Company Name: YourCompanyName
[2025-03-10 12:13:08] [I] ConnectionWrapper: Connection Started
[2025-03-10 12:13:08] [I] ConnectionWrapper: DLL Version: 2.3.0.0
[2025-03-10 12:13:08] [I] ConnectionAndroid: Connected Device Count : 7
[2025-03-10 12:13:08] [I] ConnectionAndroid: VID: 1027 PID: 24577
[2025-03-10 12:13:08] [I] ConnectionAndroid: VID: 32902 PID: 39974
[2025-03-10 12:13:08] [I] ConnectionAndroid: VID: 3141 PID: 25824
[2025-03-10 12:13:08] [I] ConnectionAndroid: VID: 1118 PID: 1861
[2025-03-10 12:13:08] [I] ConnectionAndroid: Handle Part Called
[2025-03-10 12:13:08] [I] ConnectionAndroid: Sent getProtocol
[2025-03-10 12:13:08] [I] ConnectionAndroid: VID: 3034 PID: 297
[2025-03-10 12:13:08] [I] ConnectionAndroid: VID: 3315 PID: 12292
[2025-03-10 12:13:08] [I] ConnectionAndroid: VID: 32903 PID: 32768
[2025-03-10 12:13:08] [I] ConnectionWrapper: Connection Android Object Created
[2025-03-10 12:13:08] [I] ConnectionLinux: Changed to: COM8
[2025-03-10 12:13:08] [I] ConnectionWrapper: Connection Linux Object Created
[2025-03-10 12:13:08] [I] ConnectionWrapper: setSerialInCallback called
[2025-03-10 12:13:08] [I] ConnectionWrapper: Setting serialInCallback for device index: 0
[2025-03-10 12:13:08] [I] Connection: Serial In Callback Is Initialized
[2025-03-10 12:13:08] [I] ConnectionWrapper: Setting serialInCallback for device index: 1
[2025-03-10 12:13:08] [I] Connection: Serial In Callback Is Initialized
[2025-03-10 12:13:08] [I] ConnectionWrapper: setDeviceStateCallback called
[2025-03-10 12:13:08] [I] ConnectionWrapper: Setting deviceStateCallback for device index: 0
[2025-03-10 12:13:08] [I] Connection: Device State Callback Is Initialized
[2025-03-10 12:13:08] [I] ConnectionWrapper: Setting deviceStateCallback for device index: 1
[2025-03-10 12:13:08] [I] Connection: Device State Callback Is Initialized
[2025-03-10 12:13:08] [I] ConnectionLinux: Device Opened
[2025-03-10 12:13:08] [I] Connection: Sending Hello
[2025-03-10 12:13:08] [I] Connection: Verification key: asdfg
[2025-03-10 12:13:08] [I] Connection: Request Type: 4 Enqueued 72 bytes to write.
[2025-03-10 12:13:08] [I] ConnectionAndroid: Device Added With VID: 1027 PID: 24577
[2025-03-10 12:13:08] [I] ConnectionAndroid: Device Added With VID: 32902 PID: 39974
[2025-03-10 12:13:08] [I] ConnectionAndroid: Device Added With VID: 3141 PID: 25824
[2025-03-10 12:13:08] [I] ConnectionAndroid: Device Added With VID: 1118 PID: 1861
[2025-03-10 12:13:08] [I] ConnectionAndroid: Device Added With VID: 3034 PID: 297
[2025-03-10 12:13:08] [I] ConnectionAndroid: Device Added With VID: 3315 PID: 12292
[2025-03-10 12:13:08] [I] ConnectionAndroid: Device Added With VID: 32903 PID: 32768
[2025-03-10 12:13:08] [I] ConnectionLinux: Device Initialized
[2025-03-10 12:13:09] [I] TLVProtocol: Type of chunk: 5 - Length of chunk: 1680 - Value of chunk: {"certificate":"-----BEGIN CERTIFICATE-----\nMIIE1DCCA7ygAwIBAgIHDevaiR1U0TANBgkqhkiG9w0BAQsFADBYMQswCQYDVQQG\nEwJUUjFJMEcGA1UEAxNAT2RlbWUgS2F5ZGVkaWNpIENpaGF6IEVsZWt0cm9uaWsg\nU2VydGlmaWthIEhpem1ldCBTYWdsYXlpY2lzaS1TMTAeFw0yMTExMDUxMTA1MTBa\nFw0zMDExMTIwOTI5MTRaMDgxCzAJBgNVBAYTAlRSMRIwEAYDVQQKDAlBUsOHRUzE\nsEsxFTATBgNVBAUTDEFUMDAwMDM2OTYzNTCCASIwDQYJKoZIhvcNAQEBBQADggEP\nADCCAQoCggEBAPcYJHRMF+XrgS2ISMCtO7B+b3quA1CREHMhCnDA2x45UxeA9Zb8\n2c3bDez8gjv3IXk7t96sc8zQPkMYpnW9LEafw9DRecL/XQtsKyi7FByAC1vBz07f\n+myHy9eAlQXu5b5YpbexAGCx01AOXdgsnJjHnb/wlOUsthvNmAG9f8/QIpoVvFba\nt6ERRwdR2hMcZOhRb5UtanhwJKAsFyKTKDhBrLU5QlHBr0TGfeBcwj8AUn11GRsq\n6XpRpHAJrVYcSpEKXQ9kON6K349LLantmjlb0sH3m5H3Ct4rvEi1mA1Tr9r5f+RT\nV28AkZrN3ESwaMQF7lGJWmhLPKVzKsNLAXUCAwEAAaOCAcEwggG9MB8GA1UdIwQY\nMBaAFOO0IAbPY3MeqTysyJmJ4VZhcwg4MB0GA1UdDgQWBBS8rwTYAcvUTnXxI02C\nslhxH6UQWzAOBgNVHQ8BAf8EBAMCBaAwgbsGA1UdIASBszCBsDCBrQYLYIYYAQIB\nAQUHAQIwgZ0wKgYIKwYBBQUHAgEWHmh0dHA6Ly9kZXBvLmthbXVzbS5nb3YudHIv\naWxrZTBvBggrBgEFBQcCAjBjDGFCdSBzZXJ0aWZpa2EgaWxlIGlsZ2lsaSBzZXJ0\naWZpa2EgaWxrZWxlcmluaSBva3VtYWsgacOnaW4gYmVsaXJ0aWxlbiB3ZWIgc2l0\nZXNpbmkgeml5YXJldCBlZGluaXouMAkGA1UdEwQCMAAwHQYDVR0lBBYwFAYIKwYB\nBQUHAwEGCCsGAQUFBwMCMD0GA1UdHwQ2MDQwMqAwoC6GLGh0dHA6Ly9kZXBvLmth\nbXVzbS5nb3YudHIvb2tjL09LQy1TMS1TSUwuY3JsMEQGCCsGAQUFBwEBBDgwNjA0\nBggrBgEFBQcwAoYoaHR0cDovL2RlcG8ua2FtdXNtLmdvdi50ci9va2MvT0tDLVMx\nLmNlcjANBgkqhkiG9w0BAQsFAAOCAQEAo2D5y/BhYl19YOsfZMXRq8wwsdgtqan5\n/usInZaKiavEYGetGpagaL6wrO3wHGxFsEx5a6uIbW4WHtN6QNn36vHVpatFl4X7\nzZzfwII3eMKf9cxmMmVsccHBPEnowSPpRjrDZcGbXtokQvis45GvN+GgPaMAPhvA\nYHMt5S/4jjM46+0DPkGOklUTk+30VMbHOFBzu6n8vqZlFYpjzFZEeFVIDKY4n1ZG\nNftdpFwd4VN5aQExWXjq0U4CSgGHWA7JAgPQIj0WIQPDhhAIjzEjBue3uXy6PE45\n9LzW4by5HTtdGzNrL50CBZRTANHPk8ihFr4L2r+oBotCSOCD+3X00g==\n-----END CERTIFICATE-----\n","sign":"8326fe6b60ff28aa013140a8234fc985a669ef96f61db502d02bcbebfef10acd70b0e7c598579e95a14c9b4338aac7c331d4f648ff5b7e56433a97d82374e9475721243de8fe2f5ca55715ff24ca0b57142fef860a5d06aeff22445ccd68cad060fc512715bf8ac41a3347ed5d3a75c9eaed0648633199d3a2db4455197947332d88fa86b868081b7a003ce087d467d670d6473ce1f66d3ff30a575558200503a90b171c881cfb1c6bf8b23388d515b43f306aa0486085823b3c64dee44bbcc2cbb15bc791b539df96ebf4d1d491683a03b343aa60471bed9453e44ac46e64ffdc1efede0dbeb834385cfd4eaadf390613b313d76826a5b83737a17994b6ce1f"} - Control of chunk: 44359
[2025-03-10 12:13:09] [I] Connection: Received Data Type: 49
[2025-03-10 12:13:09] [I] Connection: Received Data Type: 5
[2025-03-10 12:13:09] [I] HelperFunctions: Certificate verifying process started
[2025-03-10 12:13:09] [I] HelperFunctions: Trying to verify certificate
[2025-03-10 12:13:09] [I] HelperFunctions: -------------------
[2025-03-10 12:13:09] [I] BIO_Output: Version: 3

[2025-03-10 12:13:09] [I] BIO_Output: Serial: 0debda891d54d1

[2025-03-10 12:13:09] [I] X509_Info: Issuer: /C=TR/CN=Odeme Kaydedici Cihaz Elektronik Sertifika Hizmet Saglayicisi-S1
[2025-03-10 12:13:09] [I] X509_Info: Valid From: Nov  5 11:05:10 2021 GMT
[2025-03-10 12:13:09] [I] X509_Info: Valid Until: Nov  5 11:05:10 2021 GMTNov 12 09:29:14 2030 GMT
[2025-03-10 12:13:09] [I] X509_Info: Subject: /C=TR/O=AR\xC3\x87EL\xC4\xB0K/serialNumber=AT0000369635
[2025-03-10 12:13:09] [I] X509_Info: Public Key: Public-Key: (2048 bit)
Modulus:
    00:f7:18:24:74:4c:17:e5:eb:81:2d:88:48:c0:ad:
    3b:b0:7e:6f:7a:ae:03:50:91:10:73:21:0a:70:c0:
    db:1e:39:53:17:80:f5:96:fc:d9:cd:db:0d:ec:fc:
    82:3b:f7:21:79:3b:b7:de:ac:73:cc:d0:3e:43:18:
    a6:75:bd:2c:46:9f:c3:d0:d1:79:c2:ff:5d:0b:6c:
    2b:28:bb:14:1c:80:0b:5b:c1:cf:4e:df:fa:6c:87:
    cb:d7:80:95:05:ee:e5:be:58:a5:b7:b1:00:60:b1:
    d3:50:0e:5d:d8:2c:9c:98:c7:9d:bf:f0:94:e5:2c:
    b6:1b:cd:98:01:bd:7f:cf:d0:22:9a:15:bc:56:da:
    b7:a1:11:47:07:51:da:13:1c:64:e8:51:6f:95:2d:
    6a:78:70:24:a0:2c:17:22:93:28:38:41:ac:b5:39:
    42:51:c1:af:44:c6:7d:e0:5c:c2:3f:00:52:7d:75:
    19:1b:2a:e9:7a:51:a4:70:09:ad:56:1c:4a:91:0a:
    5d:0f:64:38:de:8a:df:8f:4b:2d:a9:ed:9a:39:5b:
    d2:c1:f7:9b:91:f7:0a:de:2b:bc:48:b5:98:0d:53:
    af:da:f9:7f:e4:53:57:6f:00:91:9a:cd:dc:44:b0:
    68:c4:05:ee:51:89:5a:68:4b:3c:a5:73:2a:c3:4b:
    01:75
Exponent: 65537 (0x10001)

[2025-03-10 12:13:09] [I] HelperFunctions: -------------------
[2025-03-10 12:13:09] [I] HelperFunctions: device identifier 1
[2025-03-10 12:13:09] [D] HexBuffer: message digest:  => BufLen:32
0x61, 0x73, 0x64, 0x66, 0x67, 0x00, 0x00, 0x00, 0x00, 0x00, 0x00, 0x00, 0x00, 0x00, 0x00, 0x00, 
0x05, 0x00, 0x00, 0x00, 0x0F, 0x00, 0x00, 0x00, 0x40, 0x85, 0x95, 0x05, 0x00, 0x00, 0x00, 0x00, 


[2025-03-10 12:13:09] [D] HexBuffer: sign digest:  => BufLen:32
0x61, 0x73, 0x64, 0x66, 0x67, 0x00, 0x00, 0x00, 0x00, 0x00, 0x00, 0x00, 0x00, 0x00, 0x00, 0x00, 
0x05, 0x00, 0x00, 0x00, 0x0F, 0x00, 0x00, 0x00, 0x40, 0x85, 0x95, 0x05, 0x00, 0x00, 0x00, 0x00, 


[2025-03-10 12:13:09] [I] HelperFunctions: Are hashes same: 0
[2025-03-10 12:13:09] [I] HelperFunctions: verifyResult: 1
[2025-03-10 12:13:09] [I] HelperFunctions: Certificate verification successful
[2025-03-10 12:13:09] [I] Connection: Sharing key
[2025-03-10 12:13:09] [I] Connection: Request Type: 6 Enqueued 104 bytes to write.
[2025-03-10 12:13:09] [I] Connection: Encryption Key Sent: 09248052351969222643214812858773
[2025-03-10 12:13:09] [I] Connection: Received Data Type: 50
[2025-03-10 12:13:09] [I] TLVProtocol: Type of chunk: 6 - Length of chunk: 16 - Value of chunk: OK - Control of chunk: 65196
[2025-03-10 12:13:09] [I] Connection: Received Data Type: 49
[2025-03-10 12:13:09] [I] Connection: Received Data Type: 6
[2025-03-10 12:13:09] [I] Connection: SHARE_KEY Data Received
[2025-03-10 12:13:09] [I] Connection: SHARE_KEY Data Received And Data Is OK
[2025-03-10 12:13:09] [I] Connection: DEVICE_INFO Request Sent
[2025-03-10 12:13:09] [I] Connection: Request Type: 0 Enqueued 120 bytes to write.
[2025-03-10 12:13:09] [I] Connection: ConnectionState is 1 (Active)
[2025-03-10 12:13:09] [I] Connection: Received Data Type: 50
[2025-03-10 12:13:10] [I] TLVProtocol: Type of chunk: 0 - Length of chunk: 32 - Value of chunk: AT0000468783 - Control of chunk: 42861
[2025-03-10 12:13:10] [I] Connection: Received Data Type: 49
[2025-03-10 12:13:10] [I] Connection: Received Data Type: 0
[2025-03-10 12:13:10] [I] Connection: Request Type: 2 Enqueued 72 bytes to write.
[2025-03-10 12:13:10] [I] Connection: FISCAL_INFO Request Sent
[2025-03-10 12:13:10] [I] Connection: Device Info Could Not Be Sent
[2025-03-10 12:13:10] [I] Connection: Received Data Type: 50
[2025-03-10 12:13:10] [I] TLVProtocol: Type of chunk: 2 - Length of chunk: 368 - Value of chunk: {"pluCount":7,"plus":[{"barcode":"","name":"PLU1","pluNo":1,"price":5000,"sectionNo":1,"status":1,"taxPercent":1000,"type":3562492,"unit":"","vatID":0},{"barcode":"","name":"PLU2","pluNo":2,"price":6000,"sectionNo":2,"status":1,"taxPercent":2000,"type":3562492,"unit":"","vatID":0},{"barcode":"","name":"PLU3","pluNo":3,"price":7000,"sectionNo":3,"status":1,"taxPercent":0,"type":3562492,"unit":"","vatID":0},{"barcode":"","name":"PLU4","pluNo":4,"price":8000,"sectionNo":4,"status":1,"taxPercent":1000,"type":0,"unit":"","vatID":0},{"barcode":"","name":"PLU5","pluNo":5,"price":9000,"sectionNo":5,"status":1,"taxPercent":200,"type":0,"unit":"","vatID":0},{"barcode":"","name":"PLU6","pluNo":6,"price":10000,"sectionNo":6,"status":1,"taxPercent":800,"type":3562492,"unit":"","vatID":0},{"barcode":"","name":"PLU7","pluNo":7,"price":11000,"sectionNo":7,"status":1,"taxPercent":455,"type":3562492,"unit":"","vatID":0}],"receiptLimit":-1,"sectionCount":7,"sections":[{"limit":50000,"name":"FÝYAT FARKI","price":1000,"sectionNo":1,"status":1,"taxPercent":1000,"type":3562492},{"limit":-1,"name":"SU","price":2000,"sectionNo":2,"status":1,"taxPercent":2000,"type":3562492},{"limit":-1,"name":"MLMM","price":3000,"sectionNo":3,"status":1,"taxPercent":0,"type":3562492},{"limit":-1,"name":"KON. VERGÝSÝ","price":4000,"sectionNo":4,"status":1,"taxPercent":1000,"type":0},{"limit":-1,"name":"KNPÐ","price":5000,"sectionNo":5,"status":1,"taxPercent":200,"type":0},{"limit":-1,"name":"LM","price":6000,"sectionNo":6,"status":1,"taxPercent":800,"type":3562492},{"limit":-1,"name":"RMM","price":7000,"sectionNo":7,"status":1,"taxPercent":455,"type":3562492}]} - Control of chunk: 50995
[2025-03-10 12:13:10] [I] Connection: Received Data Type: 49
[2025-03-10 12:13:10] [I] Connection: Received Data Type: 2
[2025-03-10 12:13:10] [I] Connection: FISCAL_INFO Data Received
[2025-03-10 12:13:10] [I] Connection: Received Data Type: 50
[2025-03-10 12:13:18] [I] Connection: Sending Basket Data
[2025-03-10 12:13:18] [I] Connection: {
        "documentType": 9008,
        "taxFreeAmount": 5000,
        "customerInfo": {
            "taxID": "11111111111"
        },
        "paymentItems": [
            {
                "amount": 5000,
                "description": "Nakit",
                "type": 1
            }
        ]
    }
[2025-03-10 12:13:18] [I] Connection: Request Type: 11 Enqueued 72 bytes to write.
[2025-03-10 12:13:18] [I] Connection: ACK Sent
[2025-03-10 12:13:18] [I] TLVProtocol: Type of chunk: 11 - Length of chunk: 16 - Value of chunk:  - Control of chunk: 56786
[2025-03-10 12:13:18] [I] Connection: Received Data Type: 49
[2025-03-10 12:13:18] [I] Connection: Received Data Type: 11
[2025-03-10 12:13:18] [I] Connection: Received Data Type: 50
[2025-03-10 12:13:18] [I] Connection: ACK received
[2025-03-10 12:13:18] [I] Connection: Request Type: 1 Enqueued 216 bytes to write.
[2025-03-10 12:13:21] [I] TLVProtocol: Type of chunk: 3 - Length of chunk: 176 - Value of chunk: {"basketID":"","documentType":9008,"message":"OK","paymentCount":1,"paymentItems":[{"amount":5000.0,"currencyId":0,"description":"Nakit","operatorId":0,"status":0,"taxRate":-1,"type":1}],"receiptNo":9,"status":0,"zNo":105} - Control of chunk: 934
[2025-03-10 12:13:21] [I] Connection: Received Data Type: 49
[2025-03-10 12:13:21] [I] Connection: Received Data Type: 3
[2025-03-10 12:13:21] [I] Connection: SALE_INFO Data Received
[2025-03-10 12:13:21] [I] Connection: Request Type: 3 Enqueued 72 bytes to write.
[2025-03-10 12:13:21] [I] Connection: Received Data Type: 50
